<?xml version="1.0" encoding="UTF-8"?>
<!-- Generated by org.testng.reporters.JUnitReportReporter -->
<testsuite hostname="DESKTOP-6N1A0BM" failures="0" tests="1" name="testscripts.HelloWorldTest" time="0.018" errors="0" timestamp="2022-04-18T21:05:38 IST" skipped="0">
  <testcase classname="testscripts.HelloWorldTest" name="test" time="0.018"/>
  <system-out/>
</testsuite> <!-- testscripts.HelloWorldTest -->
